timestamp: 2018-04-24T23:22:35.873000
CREATE TABLE "web2py_session_start"(
    "id" INTEGER PRIMARY KEY AUTOINCREMENT,
    "locked" CHAR(1),
    "client_ip" CHAR(64),
    "created_datetime" TIMESTAMP,
    "modified_datetime" TIMESTAMP,
    "unique_key" CHAR(64),
    "session_data" BLOB
);
success!
timestamp: 2018-04-24T23:22:35.916000
CREATE TABLE "auth_user"(
    "id" INTEGER PRIMARY KEY AUTOINCREMENT,
    "first_name" CHAR(128),
    "last_name" CHAR(128),
    "email" CHAR(512),
    "password" CHAR(512),
    "registration_key" CHAR(512),
    "reset_password_key" CHAR(512),
    "registration_id" CHAR(512)
);
success!
timestamp: 2018-04-24T23:22:35.953000
CREATE TABLE "auth_group"(
    "id" INTEGER PRIMARY KEY AUTOINCREMENT,
    "role" CHAR(512),
    "description" TEXT
);
success!
timestamp: 2018-04-24T23:22:35.988000
CREATE TABLE "auth_membership"(
    "id" INTEGER PRIMARY KEY AUTOINCREMENT,
    "user_id" INTEGER REFERENCES "auth_user" ("id") ON DELETE CASCADE  ,
    "group_id" INTEGER REFERENCES "auth_group" ("id") ON DELETE CASCADE  
);
success!
timestamp: 2018-04-24T23:22:36.024000
CREATE TABLE "auth_permission"(
    "id" INTEGER PRIMARY KEY AUTOINCREMENT,
    "group_id" INTEGER REFERENCES "auth_group" ("id") ON DELETE CASCADE  ,
    "name" CHAR(512),
    "table_name" CHAR(512),
    "record_id" INTEGER
);
success!
timestamp: 2018-04-24T23:22:36.055000
CREATE TABLE "auth_event"(
    "id" INTEGER PRIMARY KEY AUTOINCREMENT,
    "time_stamp" TIMESTAMP,
    "client_ip" CHAR(512),
    "user_id" INTEGER REFERENCES "auth_user" ("id") ON DELETE CASCADE  ,
    "origin" CHAR(512),
    "description" TEXT
);
success!
timestamp: 2018-04-24T23:22:36.106000
CREATE TABLE "auth_cas"(
    "id" INTEGER PRIMARY KEY AUTOINCREMENT,
    "user_id" INTEGER REFERENCES "auth_user" ("id") ON DELETE CASCADE  ,
    "created_on" TIMESTAMP,
    "service" CHAR(512),
    "ticket" CHAR(512),
    "renew" CHAR(1)
);
success!
timestamp: 2018-04-24T23:22:36.145000
CREATE TABLE "checklist"(
    "id" INTEGER PRIMARY KEY AUTOINCREMENT,
    "user_email" CHAR(512),
    "title" CHAR(512),
    "memo" TEXT,
    "updated_on" TIMESTAMP
);
success!
timestamp: 2018-04-25T02:22:30.092000
ALTER TABLE "checklist" ADD "is_public" CHAR(1);
success!
timestamp: 2018-04-25T14:50:58.790000
CREATE TABLE "web2py_session_hw2"(
    "id" INTEGER PRIMARY KEY AUTOINCREMENT,
    "locked" CHAR(1),
    "client_ip" CHAR(64),
    "created_datetime" TIMESTAMP,
    "modified_datetime" TIMESTAMP,
    "unique_key" CHAR(64),
    "session_data" BLOB
);
success!
timestamp: 2018-05-20T13:08:23.497000
CREATE TABLE "web2py_session_ScholarshipWebsite"(
    "id" INTEGER PRIMARY KEY AUTOINCREMENT,
    "locked" CHAR(1),
    "client_ip" CHAR(64),
    "created_datetime" TIMESTAMP,
    "modified_datetime" TIMESTAMP,
    "unique_key" CHAR(64),
    "session_data" BLOB
);
success!
timestamp: 2018-06-06T15:20:46.448000
CREATE TABLE "scholarships"(
    "id" INTEGER PRIMARY KEY AUTOINCREMENT,
    "user_email" CHAR(512),
    "title" CHAR(512),
    "memo" TEXT,
    "updated_on" TIMESTAMP,
    "is_public" CHAR(1)
);
success!
timestamp: 2018-06-06T15:23:18.888000
ALTER TABLE "checklist" ADD "gpa" INTEGER;
success!
timestamp: 2018-06-06T15:28:43.909000
ALTER TABLE "checklist" ADD "phone" INTEGER;
success!
success!
timestamp: 2018-06-06T15:29:09.760000
ALTER TABLE "checklist" ADD "income" DOUBLE;
success!
timestamp: 2018-06-06T15:29:37.436000
ALTER TABLE "checklist" ADD "family_members" INTEGER;
success!
timestamp: 2018-06-06T15:30:03.555000
ALTER TABLE "checklist" ADD "race" CHAR(512);
success!
success!
success!
success!
success!
success!
success!
success!
success!
success!
success!
success!
success!
success!
success!
success!
success!
success!
timestamp: 2018-06-06T15:50:09.106000
ALTER TABLE "scholarships" ADD "information" TEXT;
timestamp: 2018-06-06T15:50:09.145000
ALTER TABLE "scholarships" ADD "scholarship_name" CHAR(512);
timestamp: 2018-06-06T15:50:09.180000
ALTER TABLE "scholarships" ADD "scholarship_url" CHAR(512);
timestamp: 2018-06-06T15:50:09.211000
ALTER TABLE "scholarships" ADD "contact_email" CHAR(512);
timestamp: 2018-06-06T15:50:09.282000
ALTER TABLE "scholarships" ADD "contact_name" CHAR(512);
success!
success!
success!
success!
success!
success!
success!
success!
success!
success!
success!
success!
success!
success!
success!
success!
success!
success!
success!
success!
success!
success!
success!
success!
success!
success!
success!
success!
success!
success!
success!
success!
success!
success!
success!
success!
success!
success!
success!
success!
success!
success!
success!
success!
success!
success!
success!
success!
success!
success!
success!
success!
success!
success!
success!
timestamp: 2018-06-06T16:02:50.135000
ALTER TABLE "checklist" ADD "user_name" CHAR(512);
success!
success!
success!
success!
success!
success!
success!
success!
success!
success!
success!
success!
success!
success!
success!
success!
success!
success!
success!
success!
success!
success!
success!
success!
success!
success!
success!
success!
success!
success!
success!
success!
success!
success!
success!
success!
success!
success!
